# JRE version: OpenJDK Runtime Environment Temurin-17.0.13+11 (17.0.13+11) (build 17.0.13+11)
# Java VM: OpenJDK 64-Bit Server VM Temurin-17.0.13+11 (17.0.13+11, mixed mode, tiered, compressed oops, compressed class ptrs, parallel gc, windows-amd64)
GC Precious Log:
 CPUs: 8 total, 8 available
 Memory: 7929M
 Large Page Support: Disabled
 NUMA Support: Disabled
 Compressed Oops: Enabled (32-bit)
 Alignments: Space 512K, Generation 512K, Heap 2M
 Heap Min Capacity: 100M
 Heap Initial Capacity: 100M
 Heap Max Capacity: 1G
 Pre-touch: Disabled
 Parallel Workers: 8
Heap:
 PSYoungGen      total 23040K, used 10423K [0x00000000eab00000, 0x00000000ec580000, 0x0000000100000000)
  eden space 22016K, 42% used [0x00000000eab00000,0x00000000eb431a98,0x00000000ec080000)
  from space 1024K, 98% used [0x00000000ec400000,0x00000000ec4fc348,0x00000000ec500000)
  to   space 512K, 0% used [0x00000000ec500000,0x00000000ec500000,0x00000000ec580000)
 ParOldGen       total 68608K, used 16719K [0x00000000c0000000, 0x00000000c4300000, 0x00000000eab00000)
  object space 68608K, 24% used [0x00000000c0000000,0x00000000c1053ff8,0x00000000c4300000)
 Metaspace       used 43578K, committed 44544K, reserved 1114112K
  class space    used 4488K, committed 4928K, reserved 1048576K
GC Heap History (20 events):
Event: 28.855 GC heap before
{Heap before GC invocations=8 (full 1):
 PSYoungGen      total 29696K, used 25088K [0x00000000eab00000, 0x00000000ece80000, 0x0000000100000000)
  eden space 25088K, 100% used [0x00000000eab00000,0x00000000ec380000,0x00000000ec380000)
  from space 4608K, 0% used [0x00000000eca00000,0x00000000eca00000,0x00000000ece80000)
  to   space 5120K, 0% used [0x00000000ec480000,0x00000000ec480000,0x00000000ec980000)
 ParOldGen       total 68608K, used 10873K [0x00000000c0000000, 0x00000000c4300000, 0x00000000eab00000)
  object space 68608K, 15% used [0x00000000c0000000,0x00000000c0a9e470,0x00000000c4300000)
 Metaspace       used 24587K, committed 25088K, reserved 1114112K
  class space    used 2485K, committed 2688K, reserved 1048576K
}
Event: 28.859 GC heap after
{Heap after GC invocations=8 (full 1):
 PSYoungGen      total 26112K, used 1088K [0x00000000eab00000, 0x00000000eca80000, 0x0000000100000000)
  eden space 24576K, 0% used [0x00000000eab00000,0x00000000eab00000,0x00000000ec300000)
  from space 1536K, 70% used [0x00000000ec480000,0x00000000ec590000,0x00000000ec600000)
  to   space 2560K, 0% used [0x00000000ec800000,0x00000000ec800000,0x00000000eca80000)
 ParOldGen       total 68608K, used 10881K [0x00000000c0000000, 0x00000000c4300000, 0x00000000eab00000)
  object space 68608K, 15% used [0x00000000c0000000,0x00000000c0aa0470,0x00000000c4300000)
 Metaspace       used 24587K, committed 25088K, reserved 1114112K
  class space    used 2485K, committed 2688K, reserved 1048576K
}
Event: 29.610 GC heap before
{Heap before GC invocations=9 (full 1):
 PSYoungGen      total 26112K, used 25647K [0x00000000eab00000, 0x00000000eca80000, 0x0000000100000000)
  eden space 24576K, 99% used [0x00000000eab00000,0x00000000ec2fbf20,0x00000000ec300000)
  from space 1536K, 70% used [0x00000000ec480000,0x00000000ec590000,0x00000000ec600000)
  to   space 2560K, 0% used [0x00000000ec800000,0x00000000ec800000,0x00000000eca80000)
 ParOldGen       total 68608K, used 10881K [0x00000000c0000000, 0x00000000c4300000, 0x00000000eab00000)
  object space 68608K, 15% used [0x00000000c0000000,0x00000000c0aa0470,0x00000000c4300000)
 Metaspace       used 27317K, committed 27968K, reserved 1114112K
  class space    used 2760K, committed 3072K, reserved 1048576K
}
Event: 29.613 GC heap after
{Heap after GC invocations=9 (full 1):
 PSYoungGen      total 26624K, used 2528K [0x00000000eab00000, 0x00000000eca80000, 0x0000000100000000)
  eden space 24064K, 0% used [0x00000000eab00000,0x00000000eab00000,0x00000000ec280000)
  from space 2560K, 98% used [0x00000000ec800000,0x00000000eca78320,0x00000000eca80000)
  to   space 3584K, 0% used [0x00000000ec380000,0x00000000ec380000,0x00000000ec700000)
 ParOldGen       total 68608K, used 11520K [0x00000000c0000000, 0x00000000c4300000, 0x00000000eab00000)
  object space 68608K, 16% used [0x00000000c0000000,0x00000000c0b40158,0x00000000c4300000)
 Metaspace       used 27317K, committed 27968K, reserved 1114112K
  class space    used 2760K, committed 3072K, reserved 1048576K
}
Event: 30.028 GC heap before
{Heap before GC invocations=10 (full 1):
 PSYoungGen      total 26624K, used 26592K [0x00000000eab00000, 0x00000000eca80000, 0x0000000100000000)
  eden space 24064K, 100% used [0x00000000eab00000,0x00000000ec280000,0x00000000ec280000)
  from space 2560K, 98% used [0x00000000ec800000,0x00000000eca78320,0x00000000eca80000)
  to   space 3584K, 0% used [0x00000000ec380000,0x00000000ec380000,0x00000000ec700000)
 ParOldGen       total 68608K, used 11520K [0x00000000c0000000, 0x00000000c4300000, 0x00000000eab00000)
  object space 68608K, 16% used [0x00000000c0000000,0x00000000c0b40158,0x00000000c4300000)
 Metaspace       used 29849K, committed 30464K, reserved 1114112K
  class space    used 2920K, committed 3200K, reserved 1048576K
}
Event: 30.031 GC heap after
{Heap after GC invocations=10 (full 1):
 PSYoungGen      total 26624K, used 2994K [0x00000000eab00000, 0x00000000ec880000, 0x0000000100000000)
  eden space 23552K, 0% used [0x00000000eab00000,0x00000000eab00000,0x00000000ec200000)
  from space 3072K, 97% used [0x00000000ec380000,0x00000000ec66ca78,0x00000000ec680000)
  to   space 2048K, 0% used [0x00000000ec680000,0x00000000ec680000,0x00000000ec880000)
 ParOldGen       total 68608K, used 11528K [0x00000000c0000000, 0x00000000c4300000, 0x00000000eab00000)
  object space 68608K, 16% used [0x00000000c0000000,0x00000000c0b42158,0x00000000c4300000)
 Metaspace       used 29849K, committed 30464K, reserved 1114112K
  class space    used 2920K, committed 3200K, reserved 1048576K
}
Event: 30.484 GC heap before
{Heap before GC invocations=11 (full 1):
 PSYoungGen      total 26624K, used 26546K [0x00000000eab00000, 0x00000000ec880000, 0x0000000100000000)
  eden space 23552K, 100% used [0x00000000eab00000,0x00000000ec200000,0x00000000ec200000)
  from space 3072K, 97% used [0x00000000ec380000,0x00000000ec66ca78,0x00000000ec680000)
  to   space 2048K, 0% used [0x00000000ec680000,0x00000000ec680000,0x00000000ec880000)
 ParOldGen       total 68608K, used 11528K [0x00000000c0000000, 0x00000000c4300000, 0x00000000eab00000)
  object space 68608K, 16% used [0x00000000c0000000,0x00000000c0b42158,0x00000000c4300000)
 Metaspace       used 32937K, committed 33664K, reserved 1114112K
  class space    used 3189K, committed 3456K, reserved 1048576K
}
Event: 30.491 GC heap after
{Heap after GC invocations=11 (full 1):
 PSYoungGen      total 25088K, used 1567K [0x00000000eab00000, 0x00000000ec880000, 0x0000000100000000)
  eden space 23040K, 0% used [0x00000000eab00000,0x00000000eab00000,0x00000000ec180000)
  from space 2048K, 76% used [0x00000000ec680000,0x00000000ec807df0,0x00000000ec880000)
  to   space 2560K, 0% used [0x00000000ec380000,0x00000000ec380000,0x00000000ec600000)
 ParOldGen       total 68608K, used 14849K [0x00000000c0000000, 0x00000000c4300000, 0x00000000eab00000)
  object space 68608K, 21% used [0x00000000c0000000,0x00000000c0e80468,0x00000000c4300000)
 Metaspace       used 32937K, committed 33664K, reserved 1114112K
  class space    used 3189K, committed 3456K, reserved 1048576K
}
Event: 30.832 GC heap before
{Heap before GC invocations=12 (full 1):
 PSYoungGen      total 25088K, used 24606K [0x00000000eab00000, 0x00000000ec880000, 0x0000000100000000)
  eden space 23040K, 99% used [0x00000000eab00000,0x00000000ec17fc48,0x00000000ec180000)
  from space 2048K, 76% used [0x00000000ec680000,0x00000000ec807df0,0x00000000ec880000)
  to   space 2560K, 0% used [0x00000000ec380000,0x00000000ec380000,0x00000000ec600000)
 ParOldGen       total 68608K, used 14849K [0x00000000c0000000, 0x00000000c4300000, 0x00000000eab00000)
  object space 68608K, 21% used [0x00000000c0000000,0x00000000c0e80468,0x00000000c4300000)
 Metaspace       used 34238K, committed 34944K, reserved 1114112K
  class space    used 3347K, committed 3648K, reserved 1048576K
}
Event: 30.835 GC heap after
{Heap after GC invocations=12 (full 1):
 PSYoungGen      total 23552K, used 747K [0x00000000eab00000, 0x00000000ec700000, 0x0000000100000000)
  eden space 22528K, 0% used [0x00000000eab00000,0x00000000eab00000,0x00000000ec100000)
  from space 1024K, 73% used [0x00000000ec380000,0x00000000ec43ae30,0x00000000ec480000)
  to   space 1536K, 0% used [0x00000000ec580000,0x00000000ec580000,0x00000000ec700000)
 ParOldGen       total 68608K, used 16192K [0x00000000c0000000, 0x00000000c4300000, 0x00000000eab00000)
  object space 68608K, 23% used [0x00000000c0000000,0x00000000c0fd02d8,0x00000000c4300000)
 Metaspace       used 34238K, committed 34944K, reserved 1114112K
  class space    used 3347K, committed 3648K, reserved 1048576K
}
Event: 30.951 GC heap before
{Heap before GC invocations=13 (full 1):
 PSYoungGen      total 23552K, used 6399K [0x00000000eab00000, 0x00000000ec700000, 0x0000000100000000)
  eden space 22528K, 25% used [0x00000000eab00000,0x00000000eb084fc8,0x00000000ec100000)
  from space 1024K, 73% used [0x00000000ec380000,0x00000000ec43ae30,0x00000000ec480000)
  to   space 1536K, 0% used [0x00000000ec580000,0x00000000ec580000,0x00000000ec700000)
 ParOldGen       total 68608K, used 16192K [0x00000000c0000000, 0x00000000c4300000, 0x00000000eab00000)
  object space 68608K, 23% used [0x00000000c0000000,0x00000000c0fd02d8,0x00000000c4300000)
 Metaspace       used 35161K, committed 35840K, reserved 1114112K
  class space    used 3459K, committed 3776K, reserved 1048576K
}
Event: 30.953 GC heap after
{Heap after GC invocations=13 (full 1):
 PSYoungGen      total 23040K, used 288K [0x00000000eab00000, 0x00000000ec600000, 0x0000000100000000)
  eden space 22528K, 0% used [0x00000000eab00000,0x00000000eab00000,0x00000000ec100000)
  from space 512K, 56% used [0x00000000ec580000,0x00000000ec5c8000,0x00000000ec600000)
  to   space 1024K, 0% used [0x00000000ec400000,0x00000000ec400000,0x00000000ec500000)
 ParOldGen       total 68608K, used 16759K [0x00000000c0000000, 0x00000000c4300000, 0x00000000eab00000)
  object space 68608K, 24% used [0x00000000c0000000,0x00000000c105deb0,0x00000000c4300000)
 Metaspace       used 35161K, committed 35840K, reserved 1114112K
  class space    used 3459K, committed 3776K, reserved 1048576K
}
Event: 30.953 GC heap before
{Heap before GC invocations=14 (full 2):
 PSYoungGen      total 23040K, used 288K [0x00000000eab00000, 0x00000000ec600000, 0x0000000100000000)
  eden space 22528K, 0% used [0x00000000eab00000,0x00000000eab00000,0x00000000ec100000)
  from space 512K, 56% used [0x00000000ec580000,0x00000000ec5c8000,0x00000000ec600000)
  to   space 1024K, 0% used [0x00000000ec400000,0x00000000ec400000,0x00000000ec500000)
 ParOldGen       total 68608K, used 16759K [0x00000000c0000000, 0x00000000c4300000, 0x00000000eab00000)
  object space 68608K, 24% used [0x00000000c0000000,0x00000000c105deb0,0x00000000c4300000)
 Metaspace       used 35161K, committed 35840K, reserved 1114112K
  class space    used 3459K, committed 3776K, reserved 1048576K
}
Event: 30.991 GC heap after
{Heap after GC invocations=14 (full 2):
 PSYoungGen      total 23040K, used 0K [0x00000000eab00000, 0x00000000ec600000, 0x0000000100000000)
  eden space 22528K, 0% used [0x00000000eab00000,0x00000000eab00000,0x00000000ec100000)
  from space 512K, 0% used [0x00000000ec580000,0x00000000ec580000,0x00000000ec600000)
  to   space 1024K, 0% used [0x00000000ec400000,0x00000000ec400000,0x00000000ec500000)
 ParOldGen       total 68608K, used 14767K [0x00000000c0000000, 0x00000000c4300000, 0x00000000eab00000)
  object space 68608K, 21% used [0x00000000c0000000,0x00000000c0e6bd98,0x00000000c4300000)
 Metaspace       used 35148K, committed 35840K, reserved 1114112K
  class space    used 3455K, committed 3776K, reserved 1048576K
}
Event: 31.379 GC heap before
{Heap before GC invocations=15 (full 2):
 PSYoungGen      total 23040K, used 22528K [0x00000000eab00000, 0x00000000ec600000, 0x0000000100000000)
  eden space 22528K, 100% used [0x00000000eab00000,0x00000000ec100000,0x00000000ec100000)
  from space 512K, 0% used [0x00000000ec580000,0x00000000ec580000,0x00000000ec600000)
  to   space 1024K, 0% used [0x00000000ec400000,0x00000000ec400000,0x00000000ec500000)
 ParOldGen       total 68608K, used 14767K [0x00000000c0000000, 0x00000000c4300000, 0x00000000eab00000)
  object space 68608K, 21% used [0x00000000c0000000,0x00000000c0e6bd98,0x00000000c4300000)
 Metaspace       used 37899K, committed 38720K, reserved 1114112K
  class space    used 3798K, committed 4160K, reserved 1048576K
}
Event: 31.381 GC heap after
{Heap after GC invocations=15 (full 2):
 PSYoungGen      total 23040K, used 1015K [0x00000000eab00000, 0x00000000ec600000, 0x0000000100000000)
  eden space 22016K, 0% used [0x00000000eab00000,0x00000000eab00000,0x00000000ec080000)
  from space 1024K, 99% used [0x00000000ec400000,0x00000000ec4fdf48,0x00000000ec500000)
  to   space 1024K, 0% used [0x00000000ec500000,0x00000000ec500000,0x00000000ec600000)
 ParOldGen       total 68608K, used 14907K [0x00000000c0000000, 0x00000000c4300000, 0x00000000eab00000)
  object space 68608K, 21% used [0x00000000c0000000,0x00000000c0e8edc8,0x00000000c4300000)
 Metaspace       used 37899K, committed 38720K, reserved 1114112K
  class space    used 3798K, committed 4160K, reserved 1048576K
}
Event: 31.832 GC heap before
{Heap before GC invocations=16 (full 2):
 PSYoungGen      total 23040K, used 23020K [0x00000000eab00000, 0x00000000ec600000, 0x0000000100000000)
  eden space 22016K, 99% used [0x00000000eab00000,0x00000000ec07d480,0x00000000ec080000)
  from space 1024K, 99% used [0x00000000ec400000,0x00000000ec4fdf48,0x00000000ec500000)
  to   space 1024K, 0% used [0x00000000ec500000,0x00000000ec500000,0x00000000ec600000)
 ParOldGen       total 68608K, used 14907K [0x00000000c0000000, 0x00000000c4300000, 0x00000000eab00000)
  object space 68608K, 21% used [0x00000000c0000000,0x00000000c0e8edc8,0x00000000c4300000)
 Metaspace       used 39782K, committed 40576K, reserved 1114112K
  class space    used 4048K, committed 4352K, reserved 1048576K
}
Event: 31.835 GC heap after
{Heap after GC invocations=16 (full 2):
 PSYoungGen      total 23040K, used 864K [0x00000000eab00000, 0x00000000ec600000, 0x0000000100000000)
  eden space 22016K, 0% used [0x00000000eab00000,0x00000000eab00000,0x00000000ec080000)
  from space 1024K, 84% used [0x00000000ec500000,0x00000000ec5d8000,0x00000000ec600000)
  to   space 1024K, 0% used [0x00000000ec400000,0x00000000ec400000,0x00000000ec500000)
 ParOldGen       total 68608K, used 15873K [0x00000000c0000000, 0x00000000c4300000, 0x00000000eab00000)
  object space 68608K, 23% used [0x00000000c0000000,0x00000000c0f805b0,0x00000000c4300000)
 Metaspace       used 39782K, committed 40576K, reserved 1114112K
  class space    used 4048K, committed 4352K, reserved 1048576K
}
Event: 32.335 GC heap before
{Heap before GC invocations=17 (full 2):
 PSYoungGen      total 23040K, used 22880K [0x00000000eab00000, 0x00000000ec600000, 0x0000000100000000)
  eden space 22016K, 100% used [0x00000000eab00000,0x00000000ec080000,0x00000000ec080000)
  from space 1024K, 84% used [0x00000000ec500000,0x00000000ec5d8000,0x00000000ec600000)
  to   space 1024K, 0% used [0x00000000ec400000,0x00000000ec400000,0x00000000ec500000)
 ParOldGen       total 68608K, used 15873K [0x00000000c0000000, 0x00000000c4300000, 0x00000000eab00000)
  object space 68608K, 23% used [0x00000000c0000000,0x00000000c0f805b0,0x00000000c4300000)
 Metaspace       used 42429K, committed 43264K, reserved 1114112K
  class space    used 4368K, committed 4736K, reserved 1048576K
}
Event: 32.340 GC heap after
{Heap after GC invocations=17 (full 2):
 PSYoungGen      total 23040K, used 1008K [0x00000000eab00000, 0x00000000ec580000, 0x0000000100000000)
  eden space 22016K, 0% used [0x00000000eab00000,0x00000000eab00000,0x00000000ec080000)
  from space 1024K, 98% used [0x00000000ec400000,0x00000000ec4fc348,0x00000000ec500000)
  to   space 512K, 0% used [0x00000000ec500000,0x00000000ec500000,0x00000000ec580000)
 ParOldGen       total 68608K, used 16719K [0x00000000c0000000, 0x00000000c4300000, 0x00000000eab00000)
  object space 68608K, 24% used [0x00000000c0000000,0x00000000c1053ff8,0x00000000c4300000)
 Metaspace       used 42429K, committed 43264K, reserved 1114112K
  class space    used 4368K, committed 4736K, reserved 1048576K
}

