# JRE version: OpenJDK Runtime Environment Temurin-17.0.13+11 (17.0.13+11) (build 17.0.13+11)
# Java VM: OpenJDK 64-Bit Server VM Temurin-17.0.13+11 (17.0.13+11, mixed mode, tiered, compressed oops, compressed class ptrs, parallel gc, windows-amd64)
GC Precious Log:
 CPUs: 8 total, 8 available
 Memory: 7929M
 Large Page Support: Disabled
 NUMA Support: Disabled
 Compressed Oops: Enabled (32-bit)
 Alignments: Space 512K, Generation 512K, Heap 2M
 Heap Min Capacity: 100M
 Heap Initial Capacity: 100M
 Heap Max Capacity: 1G
 Pre-touch: Disabled
 Parallel Workers: 8
Heap:
 PSYoungGen      total 12288K, used 12275K [0x00000000eab00000, 0x00000000ec200000, 0x0000000100000000)
  eden space 6144K, 100% used [0x00000000eab00000,0x00000000eb100000,0x00000000eb100000)
  from space 6144K, 99% used [0x00000000eb280000,0x00000000eb87cfd0,0x00000000eb880000)
  to   space 8704K, 0% used [0x00000000eb980000,0x00000000eb980000,0x00000000ec200000)
 ParOldGen       total 436736K, used 380729K [0x00000000c0000000, 0x00000000daa80000, 0x00000000eab00000)
  object space 436736K, 87% used [0x00000000c0000000,0x00000000d73ce6b8,0x00000000daa80000)
 Metaspace       used 67806K, committed 68864K, reserved 1114112K
  class space    used 7134K, committed 7616K, reserved 1048576K
GC Heap History (20 events):
Event: 39.843 GC heap before
{Heap before GC invocations=216 (full 11):
 PSYoungGen      total 3584K, used 3127K [0x00000000eab00000, 0x00000000ebd00000, 0x0000000100000000)
  eden space 1536K, 100% used [0x00000000eab00000,0x00000000eac80000,0x00000000eac80000)
  from space 2048K, 77% used [0x00000000eac80000,0x00000000eae0dcc0,0x00000000eae80000)
  to   space 6656K, 0% used [0x00000000eb680000,0x00000000eb680000,0x00000000ebd00000)
 ParOldGen       total 371200K, used 358827K [0x00000000c0000000, 0x00000000d6a80000, 0x00000000eab00000)
  object space 371200K, 96% used [0x00000000c0000000,0x00000000d5e6ae80,0x00000000d6a80000)
 Metaspace       used 67698K, committed 68800K, reserved 1114112K
  class space    used 7126K, committed 7616K, reserved 1048576K
}
Event: 39.851 GC heap after
{Heap after GC invocations=216 (full 11):
 PSYoungGen      total 5632K, used 3075K [0x00000000eab00000, 0x00000000eba00000, 0x0000000100000000)
  eden space 2048K, 0% used [0x00000000eab00000,0x00000000eab00000,0x00000000ead00000)
  from space 3584K, 85% used [0x00000000eb680000,0x00000000eb980cf0,0x00000000eba00000)
  to   space 3584K, 0% used [0x00000000eb300000,0x00000000eb300000,0x00000000eb680000)
 ParOldGen       total 371200K, used 358827K [0x00000000c0000000, 0x00000000d6a80000, 0x00000000eab00000)
  object space 371200K, 96% used [0x00000000c0000000,0x00000000d5e6ae80,0x00000000d6a80000)
 Metaspace       used 67698K, committed 68800K, reserved 1114112K
  class space    used 7126K, committed 7616K, reserved 1048576K
}
Event: 39.894 GC heap before
{Heap before GC invocations=217 (full 11):
 PSYoungGen      total 5632K, used 4690K [0x00000000eab00000, 0x00000000eba00000, 0x0000000100000000)
  eden space 2048K, 78% used [0x00000000eab00000,0x00000000eac93e18,0x00000000ead00000)
  from space 3584K, 85% used [0x00000000eb680000,0x00000000eb980cf0,0x00000000eba00000)
  to   space 3584K, 0% used [0x00000000eb300000,0x00000000eb300000,0x00000000eb680000)
 ParOldGen       total 371200K, used 358827K [0x00000000c0000000, 0x00000000d6a80000, 0x00000000eab00000)
  object space 371200K, 96% used [0x00000000c0000000,0x00000000d5e6ae80,0x00000000d6a80000)
 Metaspace       used 67698K, committed 68800K, reserved 1114112K
  class space    used 7126K, committed 7616K, reserved 1048576K
}
Event: 39.904 GC heap after
{Heap after GC invocations=217 (full 11):
 PSYoungGen      total 6144K, used 3559K [0x00000000eab00000, 0x00000000eb780000, 0x0000000100000000)
  eden space 2560K, 0% used [0x00000000eab00000,0x00000000eab00000,0x00000000ead80000)
  from space 3584K, 99% used [0x00000000eb300000,0x00000000eb679cc0,0x00000000eb680000)
  to   space 1024K, 0% used [0x00000000eb680000,0x00000000eb680000,0x00000000eb780000)
 ParOldGen       total 371200K, used 359828K [0x00000000c0000000, 0x00000000d6a80000, 0x00000000eab00000)
  object space 371200K, 96% used [0x00000000c0000000,0x00000000d5f651a8,0x00000000d6a80000)
 Metaspace       used 67698K, committed 68800K, reserved 1114112K
  class space    used 7126K, committed 7616K, reserved 1048576K
}
Event: 40.115 GC heap before
{Heap before GC invocations=218 (full 11):
 PSYoungGen      total 6144K, used 6119K [0x00000000eab00000, 0x00000000eb780000, 0x0000000100000000)
  eden space 2560K, 100% used [0x00000000eab00000,0x00000000ead80000,0x00000000ead80000)
  from space 3584K, 99% used [0x00000000eb300000,0x00000000eb679cc0,0x00000000eb680000)
  to   space 1024K, 0% used [0x00000000eb680000,0x00000000eb680000,0x00000000eb780000)
 ParOldGen       total 371200K, used 362516K [0x00000000c0000000, 0x00000000d6a80000, 0x00000000eab00000)
  object space 371200K, 97% used [0x00000000c0000000,0x00000000d62051a8,0x00000000d6a80000)
 Metaspace       used 67698K, committed 68800K, reserved 1114112K
  class space    used 7126K, committed 7616K, reserved 1048576K
}
Event: 40.134 GC heap after
{Heap after GC invocations=218 (full 11):
 PSYoungGen      total 4096K, used 1007K [0x00000000eab00000, 0x00000000ebb00000, 0x0000000100000000)
  eden space 3072K, 0% used [0x00000000eab00000,0x00000000eab00000,0x00000000eae00000)
  from space 1024K, 98% used [0x00000000eb680000,0x00000000eb77bf18,0x00000000eb780000)
  to   space 6656K, 0% used [0x00000000eae00000,0x00000000eae00000,0x00000000eb480000)
 ParOldGen       total 371200K, used 367642K [0x00000000c0000000, 0x00000000d6a80000, 0x00000000eab00000)
  object space 371200K, 99% used [0x00000000c0000000,0x00000000d6706880,0x00000000d6a80000)
 Metaspace       used 67698K, committed 68800K, reserved 1114112K
  class space    used 7126K, committed 7616K, reserved 1048576K
}
Event: 40.267 GC heap before
{Heap before GC invocations=219 (full 12):
 PSYoungGen      total 4096K, used 4079K [0x00000000eab00000, 0x00000000ebb00000, 0x0000000100000000)
  eden space 3072K, 100% used [0x00000000eab00000,0x00000000eae00000,0x00000000eae00000)
  from space 1024K, 98% used [0x00000000eb680000,0x00000000eb77bf18,0x00000000eb780000)
  to   space 6656K, 0% used [0x00000000eae00000,0x00000000eae00000,0x00000000eb480000)
 ParOldGen       total 371200K, used 367642K [0x00000000c0000000, 0x00000000d6a80000, 0x00000000eab00000)
  object space 371200K, 99% used [0x00000000c0000000,0x00000000d6706880,0x00000000d6a80000)
 Metaspace       used 67698K, committed 68800K, reserved 1114112K
  class space    used 7126K, committed 7616K, reserved 1048576K
}
Event: 40.908 GC heap after
{Heap after GC invocations=219 (full 12):
 PSYoungGen      total 9728K, used 0K [0x00000000eab00000, 0x00000000ebb80000, 0x0000000100000000)
  eden space 3072K, 0% used [0x00000000eab00000,0x00000000eab00000,0x00000000eae00000)
  from space 6656K, 0% used [0x00000000eae00000,0x00000000eae00000,0x00000000eb480000)
  to   space 6656K, 0% used [0x00000000eb500000,0x00000000eb500000,0x00000000ebb80000)
 ParOldGen       total 436736K, used 363682K [0x00000000c0000000, 0x00000000daa80000, 0x00000000eab00000)
  object space 436736K, 83% used [0x00000000c0000000,0x00000000d63289c0,0x00000000daa80000)
 Metaspace       used 67698K, committed 68800K, reserved 1114112K
  class space    used 7126K, committed 7616K, reserved 1048576K
}
Event: 40.995 GC heap before
{Heap before GC invocations=220 (full 12):
 PSYoungGen      total 9728K, used 3072K [0x00000000eab00000, 0x00000000ebb80000, 0x0000000100000000)
  eden space 3072K, 100% used [0x00000000eab00000,0x00000000eae00000,0x00000000eae00000)
  from space 6656K, 0% used [0x00000000eae00000,0x00000000eae00000,0x00000000eb480000)
  to   space 6656K, 0% used [0x00000000eb500000,0x00000000eb500000,0x00000000ebb80000)
 ParOldGen       total 436736K, used 363682K [0x00000000c0000000, 0x00000000daa80000, 0x00000000eab00000)
  object space 436736K, 83% used [0x00000000c0000000,0x00000000d63289c0,0x00000000daa80000)
 Metaspace       used 67699K, committed 68800K, reserved 1114112K
  class space    used 7126K, committed 7616K, reserved 1048576K
}
Event: 41.003 GC heap after
{Heap after GC invocations=220 (full 12):
 PSYoungGen      total 7168K, used 3175K [0x00000000eab00000, 0x00000000eb880000, 0x0000000100000000)
  eden space 3584K, 0% used [0x00000000eab00000,0x00000000eab00000,0x00000000eae80000)
  from space 3584K, 88% used [0x00000000eb500000,0x00000000eb819d80,0x00000000eb880000)
  to   space 4608K, 0% used [0x00000000eaf80000,0x00000000eaf80000,0x00000000eb400000)
 ParOldGen       total 436736K, used 363682K [0x00000000c0000000, 0x00000000daa80000, 0x00000000eab00000)
  object space 436736K, 83% used [0x00000000c0000000,0x00000000d63289c0,0x00000000daa80000)
 Metaspace       used 67699K, committed 68800K, reserved 1114112K
  class space    used 7126K, committed 7616K, reserved 1048576K
}
Event: 41.154 GC heap before
{Heap before GC invocations=221 (full 12):
 PSYoungGen      total 7168K, used 6545K [0x00000000eab00000, 0x00000000eb880000, 0x0000000100000000)
  eden space 3584K, 94% used [0x00000000eab00000,0x00000000eae4a9f0,0x00000000eae80000)
  from space 3584K, 88% used [0x00000000eb500000,0x00000000eb819d80,0x00000000eb880000)
  to   space 4608K, 0% used [0x00000000eaf80000,0x00000000eaf80000,0x00000000eb400000)
 ParOldGen       total 436736K, used 363682K [0x00000000c0000000, 0x00000000daa80000, 0x00000000eab00000)
  object space 436736K, 83% used [0x00000000c0000000,0x00000000d63289c0,0x00000000daa80000)
 Metaspace       used 67699K, committed 68800K, reserved 1114112K
  class space    used 7126K, committed 7616K, reserved 1048576K
}
Event: 41.166 GC heap after
{Heap after GC invocations=221 (full 12):
 PSYoungGen      total 8704K, used 4587K [0x00000000eab00000, 0x00000000ebd00000, 0x0000000100000000)
  eden space 4096K, 0% used [0x00000000eab00000,0x00000000eab00000,0x00000000eaf00000)
  from space 4608K, 99% used [0x00000000eaf80000,0x00000000eb3fae88,0x00000000eb400000)
  to   space 7168K, 0% used [0x00000000eb600000,0x00000000eb600000,0x00000000ebd00000)
 ParOldGen       total 436736K, used 365494K [0x00000000c0000000, 0x00000000daa80000, 0x00000000eab00000)
  object space 436736K, 83% used [0x00000000c0000000,0x00000000d64edb70,0x00000000daa80000)
 Metaspace       used 67699K, committed 68800K, reserved 1114112K
  class space    used 7126K, committed 7616K, reserved 1048576K
}
Event: 41.312 GC heap before
{Heap before GC invocations=222 (full 12):
 PSYoungGen      total 8704K, used 8683K [0x00000000eab00000, 0x00000000ebd00000, 0x0000000100000000)
  eden space 4096K, 100% used [0x00000000eab00000,0x00000000eaf00000,0x00000000eaf00000)
  from space 4608K, 99% used [0x00000000eaf80000,0x00000000eb3fae88,0x00000000eb400000)
  to   space 7168K, 0% used [0x00000000eb600000,0x00000000eb600000,0x00000000ebd00000)
 ParOldGen       total 436736K, used 365494K [0x00000000c0000000, 0x00000000daa80000, 0x00000000eab00000)
  object space 436736K, 83% used [0x00000000c0000000,0x00000000d64edb70,0x00000000daa80000)
 Metaspace       used 67699K, committed 68800K, reserved 1114112K
  class space    used 7126K, committed 7616K, reserved 1048576K
}
Event: 41.331 GC heap after
{Heap after GC invocations=222 (full 12):
 PSYoungGen      total 9216K, used 4302K [0x00000000eab00000, 0x00000000eba80000, 0x0000000100000000)
  eden space 4608K, 0% used [0x00000000eab00000,0x00000000eab00000,0x00000000eaf80000)
  from space 4608K, 93% used [0x00000000eb600000,0x00000000eba33958,0x00000000eba80000)
  to   space 5120K, 0% used [0x00000000eb080000,0x00000000eb080000,0x00000000eb580000)
 ParOldGen       total 436736K, used 370119K [0x00000000c0000000, 0x00000000daa80000, 0x00000000eab00000)
  object space 436736K, 84% used [0x00000000c0000000,0x00000000d6971e80,0x00000000daa80000)
 Metaspace       used 67699K, committed 68800K, reserved 1114112K
  class space    used 7126K, committed 7616K, reserved 1048576K
}
Event: 41.602 GC heap before
{Heap before GC invocations=223 (full 12):
 PSYoungGen      total 9216K, used 8910K [0x00000000eab00000, 0x00000000eba80000, 0x0000000100000000)
  eden space 4608K, 100% used [0x00000000eab00000,0x00000000eaf80000,0x00000000eaf80000)
  from space 4608K, 93% used [0x00000000eb600000,0x00000000eba33958,0x00000000eba80000)
  to   space 5120K, 0% used [0x00000000eb080000,0x00000000eb080000,0x00000000eb580000)
 ParOldGen       total 436736K, used 370119K [0x00000000c0000000, 0x00000000daa80000, 0x00000000eab00000)
  object space 436736K, 84% used [0x00000000c0000000,0x00000000d6971e80,0x00000000daa80000)
 Metaspace       used 67699K, committed 68800K, reserved 1114112K
  class space    used 7126K, committed 7616K, reserved 1048576K
}
Event: 41.645 GC heap after
{Heap after GC invocations=223 (full 12):
 PSYoungGen      total 10240K, used 5118K [0x00000000eab00000, 0x00000000ec300000, 0x0000000100000000)
  eden space 5120K, 0% used [0x00000000eab00000,0x00000000eab00000,0x00000000eb000000)
  from space 5120K, 99% used [0x00000000eb080000,0x00000000eb57f8f8,0x00000000eb580000)
  to   space 9728K, 0% used [0x00000000eb980000,0x00000000eb980000,0x00000000ec300000)
 ParOldGen       total 436736K, used 373748K [0x00000000c0000000, 0x00000000daa80000, 0x00000000eab00000)
  object space 436736K, 85% used [0x00000000c0000000,0x00000000d6cfd160,0x00000000daa80000)
 Metaspace       used 67699K, committed 68800K, reserved 1114112K
  class space    used 7126K, committed 7616K, reserved 1048576K
}
Event: 41.998 GC heap before
{Heap before GC invocations=224 (full 12):
 PSYoungGen      total 10240K, used 10238K [0x00000000eab00000, 0x00000000ec300000, 0x0000000100000000)
  eden space 5120K, 100% used [0x00000000eab00000,0x00000000eb000000,0x00000000eb000000)
  from space 5120K, 99% used [0x00000000eb080000,0x00000000eb57f8f8,0x00000000eb580000)
  to   space 9728K, 0% used [0x00000000eb980000,0x00000000eb980000,0x00000000ec300000)
 ParOldGen       total 436736K, used 373748K [0x00000000c0000000, 0x00000000daa80000, 0x00000000eab00000)
  object space 436736K, 85% used [0x00000000c0000000,0x00000000d6cfd160,0x00000000daa80000)
 Metaspace       used 67721K, committed 68800K, reserved 1114112K
  class space    used 7126K, committed 7616K, reserved 1048576K
}
Event: 42.034 GC heap after
{Heap after GC invocations=224 (full 12):
 PSYoungGen      total 10752K, used 4643K [0x00000000eab00000, 0x00000000ebe80000, 0x0000000100000000)
  eden space 5632K, 0% used [0x00000000eab00000,0x00000000eab00000,0x00000000eb080000)
  from space 5120K, 90% used [0x00000000eb980000,0x00000000ebe08cf0,0x00000000ebe80000)
  to   space 6144K, 0% used [0x00000000eb280000,0x00000000eb280000,0x00000000eb880000)
 ParOldGen       total 436736K, used 378822K [0x00000000c0000000, 0x00000000daa80000, 0x00000000eab00000)
  object space 436736K, 86% used [0x00000000c0000000,0x00000000d71f1908,0x00000000daa80000)
 Metaspace       used 67721K, committed 68800K, reserved 1114112K
  class space    used 7126K, committed 7616K, reserved 1048576K
}
Event: 44.442 GC heap before
{Heap before GC invocations=225 (full 12):
 PSYoungGen      total 10752K, used 10275K [0x00000000eab00000, 0x00000000ebe80000, 0x0000000100000000)
  eden space 5632K, 100% used [0x00000000eab00000,0x00000000eb080000,0x00000000eb080000)
  from space 5120K, 90% used [0x00000000eb980000,0x00000000ebe08cf0,0x00000000ebe80000)
  to   space 6144K, 0% used [0x00000000eb280000,0x00000000eb280000,0x00000000eb880000)
 ParOldGen       total 436736K, used 378822K [0x00000000c0000000, 0x00000000daa80000, 0x00000000eab00000)
  object space 436736K, 86% used [0x00000000c0000000,0x00000000d71f1908,0x00000000daa80000)
 Metaspace       used 67721K, committed 68800K, reserved 1114112K
  class space    used 7126K, committed 7616K, reserved 1048576K
}
Event: 44.476 GC heap after
{Heap after GC invocations=225 (full 12):
 PSYoungGen      total 12288K, used 6131K [0x00000000eab00000, 0x00000000ec200000, 0x0000000100000000)
  eden space 6144K, 0% used [0x00000000eab00000,0x00000000eab00000,0x00000000eb100000)
  from space 6144K, 99% used [0x00000000eb280000,0x00000000eb87cfd0,0x00000000eb880000)
  to   space 8704K, 0% used [0x00000000eb980000,0x00000000eb980000,0x00000000ec200000)
 ParOldGen       total 436736K, used 380729K [0x00000000c0000000, 0x00000000daa80000, 0x00000000eab00000)
  object space 436736K, 87% used [0x00000000c0000000,0x00000000d73ce6b8,0x00000000daa80000)
 Metaspace       used 67721K, committed 68800K, reserved 1114112K
  class space    used 7126K, committed 7616K, reserved 1048576K
}

